<?xml version="1.0" encoding="UTF-8"?>
<!-- Generated by org.testng.reporters.JUnitXMLReporter -->
<testsuite ignored="0" hostname="LAPTOP-4HAH12EE" failures="0" tests="2" name="E2E Test Suite On Web - Chrome" time="28.2" errors="0" timestamp="11 May 2020 08:12:30 GMT">
  <testcase classname="tests.BaseTest" name="@BeforeMethod setupDriver" time="27.23">
    <failure type="org.openqa.selenium.WebDriverException" message="Timed out waiting for driver server to start.
Build info: version: &amp;apos;3.12.0&amp;apos;, revision: &amp;apos;7c6e0b3&amp;apos;, time: &amp;apos;2018-05-08T14:04:26.12Z&amp;apos;
System info: host: &amp;apos;LAPTOP-4HAH12EE&amp;apos;, ip: &amp;apos;192.168.0.191&amp;apos;, os.name: &amp;apos;Windows 10&amp;apos;, os.arch: &amp;apos;amd64&amp;apos;, os.version: &amp;apos;10.0&amp;apos;, java.version: &amp;apos;11.0.6&amp;apos;
Driver info: driver.version: ChromeDriver">
      <![CDATA[org.openqa.selenium.WebDriverException: Timed out waiting for driver server to start.
Build info: version: '3.12.0', revision: '7c6e0b3', time: '2018-05-08T14:04:26.12Z'
System info: host: 'LAPTOP-4HAH12EE', ip: '192.168.0.191', os.name: 'Windows 10', os.arch: 'amd64', os.version: '10.0', java.version: '11.0.6'
Driver info: driver.version: ChromeDriver
at org.openqa.selenium.remote.service.DriverService.waitUntilAvailable(DriverService.java:192)
at org.openqa.selenium.remote.service.DriverService.start(DriverService.java:178)
at org.openqa.selenium.remote.service.DriverCommandExecutor.execute(DriverCommandExecutor.java:79)
at org.openqa.selenium.remote.RemoteWebDriver.execute(RemoteWebDriver.java:543)
at org.openqa.selenium.remote.RemoteWebDriver.startSession(RemoteWebDriver.java:207)
at org.openqa.selenium.remote.RemoteWebDriver.<init>(RemoteWebDriver.java:130)
at org.openqa.selenium.chrome.ChromeDriver.<init>(ChromeDriver.java:181)
at org.openqa.selenium.chrome.ChromeDriver.<init>(ChromeDriver.java:168)
at org.openqa.selenium.chrome.ChromeDriver.<init>(ChromeDriver.java:123)
at org.oneframework.drivers.WebDriverBuilder.setupDriver(WebDriverBuilder.java:19)
at tests.BaseTest.setupWebDriver(BaseTest.java:63)
at tests.BaseTest.setupDriver(BaseTest.java:46)
at org.oneframework.runner.TestRunner.main(TestRunner.java:33)
Caused by: org.openqa.selenium.net.UrlChecker$TimeoutException: Timed out waiting for [http://localhost:7616/status] to be available after 20003 ms
at org.openqa.selenium.net.UrlChecker.waitUntilAvailable(UrlChecker.java:100)
at org.openqa.selenium.remote.service.DriverService.waitUntilAvailable(DriverService.java:187)
... 37 more
Caused by: java.util.concurrent.TimeoutException
at java.base/java.util.concurrent.FutureTask.get(FutureTask.java:204)
at com.google.common.util.concurrent.SimpleTimeLimiter.callWithTimeout(SimpleTimeLimiter.java:148)
at org.openqa.selenium.net.UrlChecker.waitUntilAvailable(UrlChecker.java:75)
... 38 more
... Removed 25 stack frames]]>
    </failure>
  </testcase> <!-- @BeforeMethod setupDriver -->
  <testcase classname="tests.BaseTest" name="@AfterMethod teardownDriver" time="0.0">
    <skipped/>
  </testcase> <!-- @AfterMethod teardownDriver -->
  <testcase classname="tests.BaseTest" name="@BeforeMethod setupDriver" time="0.0">
    <skipped/>
  </testcase> <!-- @BeforeMethod setupDriver -->
  <testcase classname="tests.BaseTest" name="@AfterMethod teardownDriver" time="0.0">
    <skipped/>
  </testcase> <!-- @AfterMethod teardownDriver -->
  <testcase classname="tests.HomePageTest" name="testSignInOption" time="0.0">
    <skipped/>
  </testcase> <!-- testSignInOption -->
  <testcase classname="tests.HomePageTest" name="testSignUpOption" time="0.0">
    <skipped/>
  </testcase> <!-- testSignUpOption -->
</testsuite> <!-- E2E Test Suite On Web - Chrome -->
